<?xml version="1.0" encoding="UTF-8"?>
<!-- Generated by org.testng.reporters.JUnitReportReporter -->
<testsuite hostname="DESKTOP-8G140BE" failures="0" tests="2" name="com.aadhar.test.AadharAdmin" time="15.071" errors="0" timestamp="2023-09-15T15:59:19 IST" skipped="0">
  <testcase classname="com.aadhar.test.AadharAdmin" name="ChromeBrowser" time="0.905"/>
  <testcase classname="com.aadhar.test.AadharAdmin" name="TestHome" time="14.166"/>
</testsuite> <!-- com.aadhar.test.AadharAdmin -->
