<?xml version="1.0" encoding="UTF-8"?>
<!-- Generated by org.testng.reporters.JUnitReportReporter -->
<testsuite hostname="DESKTOP-8G140BE" failures="0" tests="2" name="com.aadhar.test.AadharCitizen" time="12.328" errors="0" timestamp="2023-09-15T15:59:19 IST" skipped="0">
  <testcase classname="com.aadhar.test.AadharCitizen" name="CitizenCheck" time="10.344"/>
  <testcase classname="com.aadhar.test.AadharCitizen" name="ChromeBrowser" time="1.984"/>
</testsuite> <!-- com.aadhar.test.AadharCitizen -->
