<?xml version="1.0" encoding="UTF-8"?>
<!-- Generated by org.testng.reporters.JUnitReportReporter -->
<testsuite hostname="DESKTOP-8G140BE" failures="0" tests="2" name="com.aadhar.test.AadharRegister" time="8.669" errors="0" timestamp="2023-09-15T15:59:19 IST" skipped="0">
  <testcase classname="com.aadhar.test.AadharRegister" name="ChromeBrowser" time="0.842"/>
  <testcase classname="com.aadhar.test.AadharRegister" name="TestHome" time="7.827"/>
</testsuite> <!-- com.aadhar.test.AadharRegister -->
